<?xml version="1.0" encoding="UTF-8"?>
<testsuite xmlns:xsi="http://www.w3.org/2001/XMLSchema-instance" xsi:noNamespaceSchemaLocation="https://maven.apache.org/surefire/maven-surefire-plugin/xsd/surefire-test-report-3.0.xsd" version="3.0" name="TestSuite" time="1.695" tests="1" errors="0" skipped="0" failures="0">
  <properties>
    <property name="gopherProxySet" value="false"/>
    <property name="awt.toolkit" value="sun.lwawt.macosx.LWCToolkit"/>
    <property name="java.specification.version" value="11"/>
    <property name="sun.cpu.isalist" value=""/>
    <property name="sun.jnu.encoding" value="UTF-8"/>
    <property name="java.class.path" value="/Users/usersolvd/.m2/repository/org/apache/maven/surefire/surefire-booter/3.0.0-M4/surefire-booter-3.0.0-M4.jar:/Users/usersolvd/.m2/repository/org/apache/maven/surefire/surefire-api/3.0.0-M4/surefire-api-3.0.0-M4.jar:/Users/usersolvd/.m2/repository/org/apache/maven/surefire/surefire-logger-api/3.0.0-M4/surefire-logger-api-3.0.0-M4.jar:/Users/usersolvd/Desktop/igorcarinademo/target/test-classes:/Users/usersolvd/Desktop/igorcarinademo/target/classes:/Users/usersolvd/.m2/repository/com/qaprosoft/carina-core/7.3.16-SNAPSHOT/carina-core-7.3.16-SNAPSHOT.jar:/Users/usersolvd/.m2/repository/com/qaprosoft/carina-dataprovider/7.3.16-SNAPSHOT/carina-dataprovider-7.3.16-SNAPSHOT.jar:/Users/usersolvd/.m2/repository/com/qaprosoft/carina-commons/7.3.16-SNAPSHOT/carina-commons-7.3.16-SNAPSHOT.jar:/Users/usersolvd/.m2/repository/net/sf/opencsv/opencsv/1.7/opencsv-1.7.jar:/Users/usersolvd/.m2/repository/org/apache/poi/poi-ooxml/4.1.2/poi-ooxml-4.1.2.jar:/Users/usersolvd/.m2/repository/org/apache/poi/poi/4.1.2/poi-4.1.2.jar:/Users/usersolvd/.m2/repository/org/apache/commons/commons-collections4/4.4/commons-collections4-4.4.jar:/Users/usersolvd/.m2/repository/org/apache/commons/commons-math3/3.6.1/commons-math3-3.6.1.jar:/Users/usersolvd/.m2/repository/com/zaxxer/SparseBitSet/1.2/SparseBitSet-1.2.jar:/Users/usersolvd/.m2/repository/org/apache/poi/poi-ooxml-schemas/4.1.2/poi-ooxml-schemas-4.1.2.jar:/Users/usersolvd/.m2/repository/org/apache/xmlbeans/xmlbeans/3.1.0/xmlbeans-3.1.0.jar:/Users/usersolvd/.m2/repository/org/apache/commons/commons-compress/1.19/commons-compress-1.19.jar:/Users/usersolvd/.m2/repository/com/github/virtuald/curvesapi/1.06/curvesapi-1.06.jar:/Users/usersolvd/.m2/repository/com/qaprosoft/carina-utils/7.3.16-SNAPSHOT/carina-utils-7.3.16-SNAPSHOT.jar:/Users/usersolvd/.m2/repository/com/qaprosoft/carina-crypto/7.3.16-SNAPSHOT/carina-crypto-7.3.16-SNAPSHOT.jar:/Users/usersolvd/.m2/repository/commons-cli/commons-cli/1.2/commons-cli-1.2.jar:/Users/usersolvd/.m2/repository/commons-codec/commons-codec/1.9/commons-codec-1.9.jar:/Users/usersolvd/.m2/repository/com/zebrunner/agent-testng-pluggable/1.6.6/agent-testng-pluggable-1.6.6.jar:/Users/usersolvd/.m2/repository/com/zebrunner/agent-core/1.6.6/agent-core-1.6.6.jar:/Users/usersolvd/.m2/repository/com/konghq/unirest-java/3.13.0/unirest-java-3.13.0.jar:/Users/usersolvd/.m2/repository/org/apache/httpcomponents/httpcore-nio/4.4.13/httpcore-nio-4.4.13.jar:/Users/usersolvd/.m2/repository/org/apache/httpcomponents/httpasyncclient/4.1.4/httpasyncclient-4.1.4.jar:/Users/usersolvd/.m2/repository/org/yaml/snakeyaml/1.26/snakeyaml-1.26.jar:/Users/usersolvd/.m2/repository/org/apache/logging/log4j/log4j-slf4j-impl/2.17.1/log4j-slf4j-impl-2.17.1.jar:/Users/usersolvd/.m2/repository/commons-io/commons-io/2.7/commons-io-2.7.jar:/Users/usersolvd/.m2/repository/org/seleniumhq/selenium/selenium-api/3.141.59/selenium-api-3.141.59.jar:/Users/usersolvd/.m2/repository/org/seleniumhq/selenium/selenium-remote-driver/3.141.59/selenium-remote-driver-3.141.59.jar:/Users/usersolvd/.m2/repository/com/sun/jna/jna/3.0.9/jna-3.0.9.jar:/Users/usersolvd/.m2/repository/io/rest-assured/rest-assured/4.3.0/rest-assured-4.3.0.jar:/Users/usersolvd/.m2/repository/org/codehaus/groovy/groovy/3.0.2/groovy-3.0.2.jar:/Users/usersolvd/.m2/repository/org/codehaus/groovy/groovy-xml/3.0.2/groovy-xml-3.0.2.jar:/Users/usersolvd/.m2/repository/org/apache/httpcomponents/httpmime/4.5.3/httpmime-4.5.3.jar:/Users/usersolvd/.m2/repository/org/hamcrest/hamcrest/2.1/hamcrest-2.1.jar:/Users/usersolvd/.m2/repository/org/ccil/cowan/tagsoup/tagsoup/1.2.1/tagsoup-1.2.1.jar:/Users/usersolvd/.m2/repository/io/rest-assured/xml-path/4.3.0/xml-path-4.3.0.jar:/Users/usersolvd/.m2/repository/jakarta/xml/bind/jakarta.xml.bind-api/2.3.2/jakarta.xml.bind-api-2.3.2.jar:/Users/usersolvd/.m2/repository/jakarta/activation/jakarta.activation-api/1.2.1/jakarta.activation-api-1.2.1.jar:/Users/usersolvd/.m2/repository/com/sun/xml/bind/jaxb-osgi/2.3.0.1/jaxb-osgi-2.3.0.1.jar:/Users/usersolvd/.m2/repository/org/apache/sling/org.apache.sling.javax.activation/0.1.0/org.apache.sling.javax.activation-0.1.0.jar:/Users/usersolvd/.m2/repository/io/rest-assured/json-path/4.3.0/json-path-4.3.0.jar:/Users/usersolvd/.m2/repository/org/codehaus/groovy/groovy-json/3.0.2/groovy-json-3.0.2.jar:/Users/usersolvd/.m2/repository/io/rest-assured/rest-assured-common/4.3.0/rest-assured-common-4.3.0.jar:/Users/usersolvd/.m2/repository/org/apache/pdfbox/pdfbox/2.0.24/pdfbox-2.0.24.jar:/Users/usersolvd/.m2/repository/org/apache/pdfbox/fontbox/2.0.24/fontbox-2.0.24.jar:/Users/usersolvd/.m2/repository/com/fasterxml/jackson/core/jackson-databind/2.11.0/jackson-databind-2.11.0.jar:/Users/usersolvd/.m2/repository/com/fasterxml/jackson/core/jackson-core/2.11.0/jackson-core-2.11.0.jar:/Users/usersolvd/.m2/repository/com/fasterxml/jackson/core/jackson-annotations/2.11.0/jackson-annotations-2.11.0.jar:/Users/usersolvd/.m2/repository/org/mongodb/mongo-java-driver/2.11.3/mongo-java-driver-2.11.3.jar:/Users/usersolvd/.m2/repository/joda-time/joda-time/2.9.9/joda-time-2.9.9.jar:/Users/usersolvd/.m2/repository/commons-net/commons-net/3.3/commons-net-3.3.jar:/Users/usersolvd/.m2/repository/org/imgscalr/imgscalr-lib/4.2/imgscalr-lib-4.2.jar:/Users/usersolvd/.m2/repository/com/google/code/gson/gson/2.8.5/gson-2.8.5.jar:/Users/usersolvd/.m2/repository/javax/xml/bind/jaxb-api/2.2.2/jaxb-api-2.2.2.jar:/Users/usersolvd/.m2/repository/javax/xml/stream/stax-api/1.0-2/stax-api-1.0-2.jar:/Users/usersolvd/.m2/repository/javax/activation/activation/1.1/activation-1.1.jar:/Users/usersolvd/.m2/repository/com/qaprosoft/carina-api/7.3.16-SNAPSHOT/carina-api-7.3.16-SNAPSHOT.jar:/Users/usersolvd/.m2/repository/org/apache/httpcomponents/httpclient/4.5.13/httpclient-4.5.13.jar:/Users/usersolvd/.m2/repository/org/apache/httpcomponents/httpcore/4.4.13/httpcore-4.4.13.jar:/Users/usersolvd/.m2/repository/commons-logging/commons-logging/1.2/commons-logging-1.2.jar:/Users/usersolvd/.m2/repository/org/apache/commons/commons-configuration2/2.7/commons-configuration2-2.7.jar:/Users/usersolvd/.m2/repository/org/apache/commons/commons-text/1.8/commons-text-1.8.jar:/Users/usersolvd/.m2/repository/org/freemarker/freemarker/2.3.31/freemarker-2.3.31.jar:/Users/usersolvd/.m2/repository/org/skyscreamer/jsonassert/1.5.0/jsonassert-1.5.0.jar:/Users/usersolvd/.m2/repository/ognl/ognl/3.3.2/ognl-3.3.2.jar:/Users/usersolvd/.m2/repository/org/javassist/javassist/3.28.0-GA/javassist-3.28.0-GA.jar:/Users/usersolvd/.m2/repository/org/xmlunit/xmlunit-assertj3/2.8.2/xmlunit-assertj3-2.8.2.jar:/Users/usersolvd/.m2/repository/org/xmlunit/xmlunit-core/2.8.2/xmlunit-core-2.8.2.jar:/Users/usersolvd/.m2/repository/org/assertj/assertj-core/3.18.1/assertj-core-3.18.1.jar:/Users/usersolvd/.m2/repository/io/rest-assured/json-schema-validator/4.3.0/json-schema-validator-4.3.0.jar:/Users/usersolvd/.m2/repository/com/github/java-json-tools/json-schema-validator/2.2.10/json-schema-validator-2.2.10.jar:/Users/usersolvd/.m2/repository/com/github/java-json-tools/json-schema-core/1.2.10/json-schema-core-1.2.10.jar:/Users/usersolvd/.m2/repository/com/github/java-json-tools/jackson-coreutils/1.9/jackson-coreutils-1.9.jar:/Users/usersolvd/.m2/repository/com/github/fge/msg-simple/1.1/msg-simple-1.1.jar:/Users/usersolvd/.m2/repository/com/github/fge/btf/1.2/btf-1.2.jar:/Users/usersolvd/.m2/repository/com/github/fge/uri-template/0.9/uri-template-0.9.jar:/Users/usersolvd/.m2/repository/org/mozilla/rhino/1.7.7.1/rhino-1.7.7.1.jar:/Users/usersolvd/.m2/repository/javax/mail/mailapi/1.4.3/mailapi-1.4.3.jar:/Users/usersolvd/.m2/repository/com/googlecode/libphonenumber/libphonenumber/8.0.0/libphonenumber-8.0.0.jar:/Users/usersolvd/.m2/repository/net/sf/jopt-simple/jopt-simple/5.0.3/jopt-simple-5.0.3.jar:/Users/usersolvd/.m2/repository/org/everit/json/org.everit.json.schema/1.5.1/org.everit.json.schema-1.5.1.jar:/Users/usersolvd/.m2/repository/org/json/json/20160810/json-20160810.jar:/Users/usersolvd/.m2/repository/com/jayway/jsonpath/json-path/2.5.0/json-path-2.5.0.jar:/Users/usersolvd/.m2/repository/net/minidev/json-smart/2.3/json-smart-2.3.jar:/Users/usersolvd/.m2/repository/net/minidev/accessors-smart/1.2/accessors-smart-1.2.jar:/Users/usersolvd/.m2/repository/com/qaprosoft/carina-reporting/7.3.16-SNAPSHOT/carina-reporting-7.3.16-SNAPSHOT.jar:/Users/usersolvd/.m2/repository/com/qaprosoft/carina-webdriver/7.3.16-SNAPSHOT/carina-webdriver-7.3.16-SNAPSHOT.jar:/Users/usersolvd/.m2/repository/org/seleniumhq/selenium/selenium-firefox-driver/3.141.59/selenium-firefox-driver-3.141.59.jar:/Users/usersolvd/.m2/repository/org/seleniumhq/selenium/selenium-chrome-driver/3.141.59/selenium-chrome-driver-3.141.59.jar:/Users/usersolvd/.m2/repository/ru/yandex/qatools/ashot/ashot/1.5.4/ashot-1.5.4.jar:/Users/usersolvd/.m2/repository/com/itextpdf/itextpdf/5.5.13.2/itextpdf-5.5.13.2.jar:/Users/usersolvd/.m2/repository/org/reflections/reflections/0.9.10/reflections-0.9.10.jar:/Users/usersolvd/.m2/repository/com/google/code/findbugs/annotations/2.0.1/annotations-2.0.1.jar:/Users/usersolvd/.m2/repository/com/sun/jersey/jersey-core/1.19.4/jersey-core-1.19.4.jar:/Users/usersolvd/.m2/repository/javax/ws/rs/jsr311-api/1.1.1/jsr311-api-1.1.1.jar:/Users/usersolvd/.m2/repository/org/hamcrest/hamcrest-core/1.3/hamcrest-core-1.3.jar:/Users/usersolvd/.m2/repository/org/hamcrest/hamcrest-all/1.3/hamcrest-all-1.3.jar:/Users/usersolvd/.m2/repository/com/qaprosoft/carina-appcenter/7.3.16-SNAPSHOT/carina-appcenter-7.3.16-SNAPSHOT.jar:/Users/usersolvd/.m2/repository/org/springframework/spring-web/4.1.1.RELEASE/spring-web-4.1.1.RELEASE.jar:/Users/usersolvd/.m2/repository/org/springframework/spring-aop/4.1.1.RELEASE/spring-aop-4.1.1.RELEASE.jar:/Users/usersolvd/.m2/repository/aopalliance/aopalliance/1.0/aopalliance-1.0.jar:/Users/usersolvd/.m2/repository/org/springframework/spring-beans/4.1.1.RELEASE/spring-beans-4.1.1.RELEASE.jar:/Users/usersolvd/.m2/repository/org/springframework/spring-core/4.1.1.RELEASE/spring-core-4.1.1.RELEASE.jar:/Users/usersolvd/.m2/repository/com/google/guava/guava/29.0-jre/guava-29.0-jre.jar:/Users/usersolvd/.m2/repository/com/google/guava/failureaccess/1.0.1/failureaccess-1.0.1.jar:/Users/usersolvd/.m2/repository/com/google/guava/listenablefuture/9999.0-empty-to-avoid-conflict-with-guava/listenablefuture-9999.0-empty-to-avoid-conflict-with-guava.jar:/Users/usersolvd/.m2/repository/com/google/code/findbugs/jsr305/3.0.2/jsr305-3.0.2.jar:/Users/usersolvd/.m2/repository/com/google/errorprone/error_prone_annotations/2.3.4/error_prone_annotations-2.3.4.jar:/Users/usersolvd/.m2/repository/com/google/j2objc/j2objc-annotations/1.3/j2objc-annotations-1.3.jar:/Users/usersolvd/.m2/repository/com/qaprosoft/carina-aws-s3/7.3.16-SNAPSHOT/carina-aws-s3-7.3.16-SNAPSHOT.jar:/Users/usersolvd/.m2/repository/com/amazonaws/aws-java-sdk-core/1.11.923/aws-java-sdk-core-1.11.923.jar:/Users/usersolvd/.m2/repository/software/amazon/ion/ion-java/1.0.2/ion-java-1.0.2.jar:/Users/usersolvd/.m2/repository/com/fasterxml/jackson/dataformat/jackson-dataformat-cbor/2.6.7/jackson-dataformat-cbor-2.6.7.jar:/Users/usersolvd/.m2/repository/com/qaprosoft/carina-proxy/7.3.16-SNAPSHOT/carina-proxy-7.3.16-SNAPSHOT.jar:/Users/usersolvd/.m2/repository/net/lightbody/bmp/browsermob-core/2.1.5/browsermob-core-2.1.5.jar:/Users/usersolvd/.m2/repository/net/lightbody/bmp/littleproxy/1.1.0-beta-bmp-17/littleproxy-1.1.0-beta-bmp-17.jar:/Users/usersolvd/.m2/repository/dnsjava/dnsjava/2.1.8/dnsjava-2.1.8.jar:/Users/usersolvd/.m2/repository/org/slf4j/jcl-over-slf4j/1.7.25/jcl-over-slf4j-1.7.25.jar:/Users/usersolvd/.m2/repository/com/jcraft/jzlib/1.1.3/jzlib-1.1.3.jar:/Users/usersolvd/.m2/repository/org/bouncycastle/bcprov-jdk15on/1.58/bcprov-jdk15on-1.58.jar:/Users/usersolvd/.m2/repository/org/bouncycastle/bcpkix-jdk15on/1.58/bcpkix-jdk15on-1.58.jar:/Users/usersolvd/.m2/repository/net/lightbody/bmp/mitm/2.1.5/mitm-2.1.5.jar:/Users/usersolvd/.m2/repository/io/netty/netty-all/4.1.73.Final/netty-all-4.1.73.Final.jar:/Users/usersolvd/.m2/repository/io/netty/netty-buffer/4.1.73.Final/netty-buffer-4.1.73.Final.jar:/Users/usersolvd/.m2/repository/io/netty/netty-codec/4.1.73.Final/netty-codec-4.1.73.Final.jar:/Users/usersolvd/.m2/repository/io/netty/netty-codec-dns/4.1.73.Final/netty-codec-dns-4.1.73.Final.jar:/Users/usersolvd/.m2/repository/io/netty/netty-codec-haproxy/4.1.73.Final/netty-codec-haproxy-4.1.73.Final.jar:/Users/usersolvd/.m2/repository/io/netty/netty-codec-http/4.1.73.Final/netty-codec-http-4.1.73.Final.jar:/Users/usersolvd/.m2/repository/io/netty/netty-codec-http2/4.1.73.Final/netty-codec-http2-4.1.73.Final.jar:/Users/usersolvd/.m2/repository/io/netty/netty-codec-memcache/4.1.73.Final/netty-codec-memcache-4.1.73.Final.jar:/Users/usersolvd/.m2/repository/io/netty/netty-codec-mqtt/4.1.73.Final/netty-codec-mqtt-4.1.73.Final.jar:/Users/usersolvd/.m2/repository/io/netty/netty-codec-redis/4.1.73.Final/netty-codec-redis-4.1.73.Final.jar:/Users/usersolvd/.m2/repository/io/netty/netty-codec-smtp/4.1.73.Final/netty-codec-smtp-4.1.73.Final.jar:/Users/usersolvd/.m2/repository/io/netty/netty-codec-socks/4.1.73.Final/netty-codec-socks-4.1.73.Final.jar:/Users/usersolvd/.m2/repository/io/netty/netty-codec-stomp/4.1.73.Final/netty-codec-stomp-4.1.73.Final.jar:/Users/usersolvd/.m2/repository/io/netty/netty-codec-xml/4.1.73.Final/netty-codec-xml-4.1.73.Final.jar:/Users/usersolvd/.m2/repository/io/netty/netty-common/4.1.73.Final/netty-common-4.1.73.Final.jar:/Users/usersolvd/.m2/repository/io/netty/netty-handler/4.1.73.Final/netty-handler-4.1.73.Final.jar:/Users/usersolvd/.m2/repository/io/netty/netty-tcnative-classes/2.0.46.Final/netty-tcnative-classes-2.0.46.Final.jar:/Users/usersolvd/.m2/repository/io/netty/netty-handler-proxy/4.1.73.Final/netty-handler-proxy-4.1.73.Final.jar:/Users/usersolvd/.m2/repository/io/netty/netty-resolver/4.1.73.Final/netty-resolver-4.1.73.Final.jar:/Users/usersolvd/.m2/repository/io/netty/netty-resolver-dns/4.1.73.Final/netty-resolver-dns-4.1.73.Final.jar:/Users/usersolvd/.m2/repository/io/netty/netty-transport/4.1.73.Final/netty-transport-4.1.73.Final.jar:/Users/usersolvd/.m2/repository/io/netty/netty-transport-rxtx/4.1.73.Final/netty-transport-rxtx-4.1.73.Final.jar:/Users/usersolvd/.m2/repository/io/netty/netty-transport-sctp/4.1.73.Final/netty-transport-sctp-4.1.73.Final.jar:/Users/usersolvd/.m2/repository/io/netty/netty-transport-udt/4.1.73.Final/netty-transport-udt-4.1.73.Final.jar:/Users/usersolvd/.m2/repository/io/netty/netty-transport-classes-epoll/4.1.73.Final/netty-transport-classes-epoll-4.1.73.Final.jar:/Users/usersolvd/.m2/repository/io/netty/netty-transport-native-unix-common/4.1.73.Final/netty-transport-native-unix-common-4.1.73.Final.jar:/Users/usersolvd/.m2/repository/io/netty/netty-transport-classes-kqueue/4.1.73.Final/netty-transport-classes-kqueue-4.1.73.Final.jar:/Users/usersolvd/.m2/repository/io/netty/netty-resolver-dns-classes-macos/4.1.73.Final/netty-resolver-dns-classes-macos-4.1.73.Final.jar:/Users/usersolvd/.m2/repository/io/netty/netty-transport-native-epoll/4.1.73.Final/netty-transport-native-epoll-4.1.73.Final-linux-x86_64.jar:/Users/usersolvd/.m2/repository/io/netty/netty-transport-native-epoll/4.1.73.Final/netty-transport-native-epoll-4.1.73.Final-linux-aarch_64.jar:/Users/usersolvd/.m2/repository/io/netty/netty-transport-native-kqueue/4.1.73.Final/netty-transport-native-kqueue-4.1.73.Final-osx-x86_64.jar:/Users/usersolvd/.m2/repository/io/netty/netty-transport-native-kqueue/4.1.73.Final/netty-transport-native-kqueue-4.1.73.Final-osx-aarch_64.jar:/Users/usersolvd/.m2/repository/io/netty/netty-resolver-dns-native-macos/4.1.73.Final/netty-resolver-dns-native-macos-4.1.73.Final-osx-x86_64.jar:/Users/usersolvd/.m2/repository/io/netty/netty-resolver-dns-native-macos/4.1.73.Final/netty-resolver-dns-native-macos-4.1.73.Final-osx-aarch_64.jar:/Users/usersolvd/.m2/repository/org/apache/commons/commons-lang3/3.5/commons-lang3-3.5.jar:/Users/usersolvd/.m2/repository/commons-collections/commons-collections/3.2.2/commons-collections-3.2.2.jar:/Users/usersolvd/.m2/repository/org/seleniumhq/selenium/selenium-support/3.141.59/selenium-support-3.141.59.jar:/Users/usersolvd/.m2/repository/org/apache/commons/commons-exec/1.3/commons-exec-1.3.jar:/Users/usersolvd/.m2/repository/com/squareup/okhttp3/okhttp/3.11.0/okhttp-3.11.0.jar:/Users/usersolvd/.m2/repository/com/squareup/okio/okio/1.14.0/okio-1.14.0.jar:/Users/usersolvd/.m2/repository/com/amazonaws/aws-java-sdk-s3/1.11.923/aws-java-sdk-s3-1.11.923.jar:/Users/usersolvd/.m2/repository/org/testng/testng/7.4.0/testng-7.4.0.jar:/Users/usersolvd/.m2/repository/com/beust/jcommander/1.78/jcommander-1.78.jar:/Users/usersolvd/.m2/repository/org/webjars/jquery/3.5.1/jquery-3.5.1.jar:/Users/usersolvd/.m2/repository/com/nordstrom/tools/testng-foundation/2.0.1/testng-foundation-2.0.1.jar:/Users/usersolvd/.m2/repository/com/nordstrom/tools/java-utils/1.9.3/java-utils-1.9.3.jar:/Users/usersolvd/.m2/repository/com/nordstrom/tools/settings/2.3.3/settings-2.3.3.jar:/Users/usersolvd/.m2/repository/commons-beanutils/commons-beanutils/1.9.4/commons-beanutils-1.9.4.jar:/Users/usersolvd/.m2/repository/io/appium/java-client/7.5.1/java-client-7.5.1.jar:/Users/usersolvd/.m2/repository/org/seleniumhq/selenium/selenium-java/3.141.59/selenium-java-3.141.59.jar:/Users/usersolvd/.m2/repository/org/seleniumhq/selenium/selenium-edge-driver/3.141.59/selenium-edge-driver-3.141.59.jar:/Users/usersolvd/.m2/repository/org/seleniumhq/selenium/selenium-ie-driver/3.141.59/selenium-ie-driver-3.141.59.jar:/Users/usersolvd/.m2/repository/org/seleniumhq/selenium/selenium-opera-driver/3.141.59/selenium-opera-driver-3.141.59.jar:/Users/usersolvd/.m2/repository/org/seleniumhq/selenium/selenium-safari-driver/3.141.59/selenium-safari-driver-3.141.59.jar:/Users/usersolvd/.m2/repository/cglib/cglib/3.3.0/cglib-3.3.0.jar:/Users/usersolvd/.m2/repository/org/ow2/asm/asm/7.1/asm-7.1.jar:/Users/usersolvd/.m2/repository/commons-validator/commons-validator/1.7/commons-validator-1.7.jar:/Users/usersolvd/.m2/repository/commons-digester/commons-digester/2.1/commons-digester-2.1.jar:/Users/usersolvd/.m2/repository/org/springframework/spring-context/5.3.4/spring-context-5.3.4.jar:/Users/usersolvd/.m2/repository/org/springframework/spring-expression/5.3.4/spring-expression-5.3.4.jar:/Users/usersolvd/.m2/repository/org/aspectj/aspectjweaver/1.9.6/aspectjweaver-1.9.6.jar:/Users/usersolvd/.m2/repository/com/qaprosoft/carina-azure/7.3.16-SNAPSHOT/carina-azure-7.3.16-SNAPSHOT.jar:/Users/usersolvd/.m2/repository/com/azure/azure-storage-blob/12.7.0/azure-storage-blob-12.7.0.jar:/Users/usersolvd/.m2/repository/com/azure/azure-core/1.5.1/azure-core-1.5.1.jar:/Users/usersolvd/.m2/repository/com/fasterxml/jackson/datatype/jackson-datatype-jsr310/2.10.1/jackson-datatype-jsr310-2.10.1.jar:/Users/usersolvd/.m2/repository/com/fasterxml/jackson/dataformat/jackson-dataformat-xml/2.10.1/jackson-dataformat-xml-2.10.1.jar:/Users/usersolvd/.m2/repository/com/fasterxml/jackson/module/jackson-module-jaxb-annotations/2.10.1/jackson-module-jaxb-annotations-2.10.1.jar:/Users/usersolvd/.m2/repository/org/codehaus/woodstox/stax2-api/4.2/stax2-api-4.2.jar:/Users/usersolvd/.m2/repository/com/fasterxml/woodstox/woodstox-core/6.0.2/woodstox-core-6.0.2.jar:/Users/usersolvd/.m2/repository/io/projectreactor/reactor-core/3.3.5.RELEASE/reactor-core-3.3.5.RELEASE.jar:/Users/usersolvd/.m2/repository/org/reactivestreams/reactive-streams/1.0.3/reactive-streams-1.0.3.jar:/Users/usersolvd/.m2/repository/io/netty/netty-tcnative-boringssl-static/2.0.29.Final/netty-tcnative-boringssl-static-2.0.29.Final.jar:/Users/usersolvd/.m2/repository/com/azure/azure-storage-common/12.7.0/azure-storage-common-12.7.0.jar:/Users/usersolvd/.m2/repository/com/azure/azure-core-http-netty/1.5.2/azure-core-http-netty-1.5.2.jar:/Users/usersolvd/.m2/repository/io/projectreactor/netty/reactor-netty/0.9.7.RELEASE/reactor-netty-0.9.7.RELEASE.jar:/Users/usersolvd/.m2/repository/org/slf4j/slf4j-api/1.7.30/slf4j-api-1.7.30.jar:/Users/usersolvd/.m2/repository/org/apache/logging/log4j/log4j-api/2.17.1/log4j-api-2.17.1.jar:/Users/usersolvd/.m2/repository/org/apache/logging/log4j/log4j-core/2.17.1/log4j-core-2.17.1.jar:/Users/usersolvd/.m2/repository/net/bytebuddy/byte-buddy/1.10.18/byte-buddy-1.10.18.jar:/Users/usersolvd/.m2/repository/org/mybatis/mybatis/3.5.6/mybatis-3.5.6.jar:/Users/usersolvd/.m2/repository/org/postgresql/postgresql/42.2.25/postgresql-42.2.25.jar:/Users/usersolvd/.m2/repository/org/checkerframework/checker-qual/3.5.0/checker-qual-3.5.0.jar:/Users/usersolvd/.m2/repository/org/apache/maven/surefire/surefire-testng/3.0.0-M4/surefire-testng-3.0.0-M4.jar:/Users/usersolvd/.m2/repository/org/apache/maven/surefire/common-java5/3.0.0-M4/common-java5-3.0.0-M4.jar:/Users/usersolvd/.m2/repository/org/apache/maven/surefire/surefire-testng-utils/3.0.0-M4/surefire-testng-utils-3.0.0-M4.jar:/Users/usersolvd/.m2/repository/org/apache/maven/surefire/surefire-grouper/3.0.0-M4/surefire-grouper-3.0.0-M4.jar"/>
    <property name="java.vm.vendor" value="Amazon.com Inc."/>
    <property name="sun.arch.data.model" value="64"/>
    <property name="java.vendor.url" value="https://aws.amazon.com/corretto/"/>
    <property name="user.timezone" value="Europe/Kiev"/>
    <property name="java.vm.specification.version" value="11"/>
    <property name="os.name" value="Mac OS X"/>
    <property name="sun.java.launcher" value="SUN_STANDARD"/>
    <property name="user.country" value="UA"/>
    <property name="sun.boot.library.path" value="/Users/usersolvd/Library/Java/JavaVirtualMachines/corretto-11.0.14.1/Contents/Home/lib"/>
    <property name="sun.java.command" value="org.apache.maven.surefire.booter.ForkedBooter /Users/usersolvd/Desktop/igorcarinademo/target/surefire 2022-03-13T23-17-18_656-jvmRun1 surefire13851196145093397922tmp surefire_012384135557048511912tmp"/>
    <property name="http.nonProxyHosts" value="local|*.local|169.254/16|*.169.254/16"/>
    <property name="jdk.debug" value="release"/>
    <property name="surefire.test.class.path" value="/Users/usersolvd/Desktop/igorcarinademo/target/test-classes:/Users/usersolvd/Desktop/igorcarinademo/target/classes:/Users/usersolvd/.m2/repository/com/qaprosoft/carina-core/7.3.16-SNAPSHOT/carina-core-7.3.16-SNAPSHOT.jar:/Users/usersolvd/.m2/repository/com/qaprosoft/carina-dataprovider/7.3.16-SNAPSHOT/carina-dataprovider-7.3.16-SNAPSHOT.jar:/Users/usersolvd/.m2/repository/com/qaprosoft/carina-commons/7.3.16-SNAPSHOT/carina-commons-7.3.16-SNAPSHOT.jar:/Users/usersolvd/.m2/repository/net/sf/opencsv/opencsv/1.7/opencsv-1.7.jar:/Users/usersolvd/.m2/repository/org/apache/poi/poi-ooxml/4.1.2/poi-ooxml-4.1.2.jar:/Users/usersolvd/.m2/repository/org/apache/poi/poi/4.1.2/poi-4.1.2.jar:/Users/usersolvd/.m2/repository/org/apache/commons/commons-collections4/4.4/commons-collections4-4.4.jar:/Users/usersolvd/.m2/repository/org/apache/commons/commons-math3/3.6.1/commons-math3-3.6.1.jar:/Users/usersolvd/.m2/repository/com/zaxxer/SparseBitSet/1.2/SparseBitSet-1.2.jar:/Users/usersolvd/.m2/repository/org/apache/poi/poi-ooxml-schemas/4.1.2/poi-ooxml-schemas-4.1.2.jar:/Users/usersolvd/.m2/repository/org/apache/xmlbeans/xmlbeans/3.1.0/xmlbeans-3.1.0.jar:/Users/usersolvd/.m2/repository/org/apache/commons/commons-compress/1.19/commons-compress-1.19.jar:/Users/usersolvd/.m2/repository/com/github/virtuald/curvesapi/1.06/curvesapi-1.06.jar:/Users/usersolvd/.m2/repository/com/qaprosoft/carina-utils/7.3.16-SNAPSHOT/carina-utils-7.3.16-SNAPSHOT.jar:/Users/usersolvd/.m2/repository/com/qaprosoft/carina-crypto/7.3.16-SNAPSHOT/carina-crypto-7.3.16-SNAPSHOT.jar:/Users/usersolvd/.m2/repository/commons-cli/commons-cli/1.2/commons-cli-1.2.jar:/Users/usersolvd/.m2/repository/commons-codec/commons-codec/1.9/commons-codec-1.9.jar:/Users/usersolvd/.m2/repository/com/zebrunner/agent-testng-pluggable/1.6.6/agent-testng-pluggable-1.6.6.jar:/Users/usersolvd/.m2/repository/com/zebrunner/agent-core/1.6.6/agent-core-1.6.6.jar:/Users/usersolvd/.m2/repository/com/konghq/unirest-java/3.13.0/unirest-java-3.13.0.jar:/Users/usersolvd/.m2/repository/org/apache/httpcomponents/httpcore-nio/4.4.13/httpcore-nio-4.4.13.jar:/Users/usersolvd/.m2/repository/org/apache/httpcomponents/httpasyncclient/4.1.4/httpasyncclient-4.1.4.jar:/Users/usersolvd/.m2/repository/org/yaml/snakeyaml/1.26/snakeyaml-1.26.jar:/Users/usersolvd/.m2/repository/org/apache/logging/log4j/log4j-slf4j-impl/2.17.1/log4j-slf4j-impl-2.17.1.jar:/Users/usersolvd/.m2/repository/commons-io/commons-io/2.7/commons-io-2.7.jar:/Users/usersolvd/.m2/repository/org/seleniumhq/selenium/selenium-api/3.141.59/selenium-api-3.141.59.jar:/Users/usersolvd/.m2/repository/org/seleniumhq/selenium/selenium-remote-driver/3.141.59/selenium-remote-driver-3.141.59.jar:/Users/usersolvd/.m2/repository/com/sun/jna/jna/3.0.9/jna-3.0.9.jar:/Users/usersolvd/.m2/repository/io/rest-assured/rest-assured/4.3.0/rest-assured-4.3.0.jar:/Users/usersolvd/.m2/repository/org/codehaus/groovy/groovy/3.0.2/groovy-3.0.2.jar:/Users/usersolvd/.m2/repository/org/codehaus/groovy/groovy-xml/3.0.2/groovy-xml-3.0.2.jar:/Users/usersolvd/.m2/repository/org/apache/httpcomponents/httpmime/4.5.3/httpmime-4.5.3.jar:/Users/usersolvd/.m2/repository/org/hamcrest/hamcrest/2.1/hamcrest-2.1.jar:/Users/usersolvd/.m2/repository/org/ccil/cowan/tagsoup/tagsoup/1.2.1/tagsoup-1.2.1.jar:/Users/usersolvd/.m2/repository/io/rest-assured/xml-path/4.3.0/xml-path-4.3.0.jar:/Users/usersolvd/.m2/repository/jakarta/xml/bind/jakarta.xml.bind-api/2.3.2/jakarta.xml.bind-api-2.3.2.jar:/Users/usersolvd/.m2/repository/jakarta/activation/jakarta.activation-api/1.2.1/jakarta.activation-api-1.2.1.jar:/Users/usersolvd/.m2/repository/com/sun/xml/bind/jaxb-osgi/2.3.0.1/jaxb-osgi-2.3.0.1.jar:/Users/usersolvd/.m2/repository/org/apache/sling/org.apache.sling.javax.activation/0.1.0/org.apache.sling.javax.activation-0.1.0.jar:/Users/usersolvd/.m2/repository/io/rest-assured/json-path/4.3.0/json-path-4.3.0.jar:/Users/usersolvd/.m2/repository/org/codehaus/groovy/groovy-json/3.0.2/groovy-json-3.0.2.jar:/Users/usersolvd/.m2/repository/io/rest-assured/rest-assured-common/4.3.0/rest-assured-common-4.3.0.jar:/Users/usersolvd/.m2/repository/org/apache/pdfbox/pdfbox/2.0.24/pdfbox-2.0.24.jar:/Users/usersolvd/.m2/repository/org/apache/pdfbox/fontbox/2.0.24/fontbox-2.0.24.jar:/Users/usersolvd/.m2/repository/com/fasterxml/jackson/core/jackson-databind/2.11.0/jackson-databind-2.11.0.jar:/Users/usersolvd/.m2/repository/com/fasterxml/jackson/core/jackson-core/2.11.0/jackson-core-2.11.0.jar:/Users/usersolvd/.m2/repository/com/fasterxml/jackson/core/jackson-annotations/2.11.0/jackson-annotations-2.11.0.jar:/Users/usersolvd/.m2/repository/org/mongodb/mongo-java-driver/2.11.3/mongo-java-driver-2.11.3.jar:/Users/usersolvd/.m2/repository/joda-time/joda-time/2.9.9/joda-time-2.9.9.jar:/Users/usersolvd/.m2/repository/commons-net/commons-net/3.3/commons-net-3.3.jar:/Users/usersolvd/.m2/repository/org/imgscalr/imgscalr-lib/4.2/imgscalr-lib-4.2.jar:/Users/usersolvd/.m2/repository/com/google/code/gson/gson/2.8.5/gson-2.8.5.jar:/Users/usersolvd/.m2/repository/javax/xml/bind/jaxb-api/2.2.2/jaxb-api-2.2.2.jar:/Users/usersolvd/.m2/repository/javax/xml/stream/stax-api/1.0-2/stax-api-1.0-2.jar:/Users/usersolvd/.m2/repository/javax/activation/activation/1.1/activation-1.1.jar:/Users/usersolvd/.m2/repository/com/qaprosoft/carina-api/7.3.16-SNAPSHOT/carina-api-7.3.16-SNAPSHOT.jar:/Users/usersolvd/.m2/repository/org/apache/httpcomponents/httpclient/4.5.13/httpclient-4.5.13.jar:/Users/usersolvd/.m2/repository/org/apache/httpcomponents/httpcore/4.4.13/httpcore-4.4.13.jar:/Users/usersolvd/.m2/repository/commons-logging/commons-logging/1.2/commons-logging-1.2.jar:/Users/usersolvd/.m2/repository/org/apache/commons/commons-configuration2/2.7/commons-configuration2-2.7.jar:/Users/usersolvd/.m2/repository/org/apache/commons/commons-text/1.8/commons-text-1.8.jar:/Users/usersolvd/.m2/repository/org/freemarker/freemarker/2.3.31/freemarker-2.3.31.jar:/Users/usersolvd/.m2/repository/org/skyscreamer/jsonassert/1.5.0/jsonassert-1.5.0.jar:/Users/usersolvd/.m2/repository/ognl/ognl/3.3.2/ognl-3.3.2.jar:/Users/usersolvd/.m2/repository/org/javassist/javassist/3.28.0-GA/javassist-3.28.0-GA.jar:/Users/usersolvd/.m2/repository/org/xmlunit/xmlunit-assertj3/2.8.2/xmlunit-assertj3-2.8.2.jar:/Users/usersolvd/.m2/repository/org/xmlunit/xmlunit-core/2.8.2/xmlunit-core-2.8.2.jar:/Users/usersolvd/.m2/repository/org/assertj/assertj-core/3.18.1/assertj-core-3.18.1.jar:/Users/usersolvd/.m2/repository/io/rest-assured/json-schema-validator/4.3.0/json-schema-validator-4.3.0.jar:/Users/usersolvd/.m2/repository/com/github/java-json-tools/json-schema-validator/2.2.10/json-schema-validator-2.2.10.jar:/Users/usersolvd/.m2/repository/com/github/java-json-tools/json-schema-core/1.2.10/json-schema-core-1.2.10.jar:/Users/usersolvd/.m2/repository/com/github/java-json-tools/jackson-coreutils/1.9/jackson-coreutils-1.9.jar:/Users/usersolvd/.m2/repository/com/github/fge/msg-simple/1.1/msg-simple-1.1.jar:/Users/usersolvd/.m2/repository/com/github/fge/btf/1.2/btf-1.2.jar:/Users/usersolvd/.m2/repository/com/github/fge/uri-template/0.9/uri-template-0.9.jar:/Users/usersolvd/.m2/repository/org/mozilla/rhino/1.7.7.1/rhino-1.7.7.1.jar:/Users/usersolvd/.m2/repository/javax/mail/mailapi/1.4.3/mailapi-1.4.3.jar:/Users/usersolvd/.m2/repository/com/googlecode/libphonenumber/libphonenumber/8.0.0/libphonenumber-8.0.0.jar:/Users/usersolvd/.m2/repository/net/sf/jopt-simple/jopt-simple/5.0.3/jopt-simple-5.0.3.jar:/Users/usersolvd/.m2/repository/org/everit/json/org.everit.json.schema/1.5.1/org.everit.json.schema-1.5.1.jar:/Users/usersolvd/.m2/repository/org/json/json/20160810/json-20160810.jar:/Users/usersolvd/.m2/repository/com/jayway/jsonpath/json-path/2.5.0/json-path-2.5.0.jar:/Users/usersolvd/.m2/repository/net/minidev/json-smart/2.3/json-smart-2.3.jar:/Users/usersolvd/.m2/repository/net/minidev/accessors-smart/1.2/accessors-smart-1.2.jar:/Users/usersolvd/.m2/repository/com/qaprosoft/carina-reporting/7.3.16-SNAPSHOT/carina-reporting-7.3.16-SNAPSHOT.jar:/Users/usersolvd/.m2/repository/com/qaprosoft/carina-webdriver/7.3.16-SNAPSHOT/carina-webdriver-7.3.16-SNAPSHOT.jar:/Users/usersolvd/.m2/repository/org/seleniumhq/selenium/selenium-firefox-driver/3.141.59/selenium-firefox-driver-3.141.59.jar:/Users/usersolvd/.m2/repository/org/seleniumhq/selenium/selenium-chrome-driver/3.141.59/selenium-chrome-driver-3.141.59.jar:/Users/usersolvd/.m2/repository/ru/yandex/qatools/ashot/ashot/1.5.4/ashot-1.5.4.jar:/Users/usersolvd/.m2/repository/com/itextpdf/itextpdf/5.5.13.2/itextpdf-5.5.13.2.jar:/Users/usersolvd/.m2/repository/org/reflections/reflections/0.9.10/reflections-0.9.10.jar:/Users/usersolvd/.m2/repository/com/google/code/findbugs/annotations/2.0.1/annotations-2.0.1.jar:/Users/usersolvd/.m2/repository/com/sun/jersey/jersey-core/1.19.4/jersey-core-1.19.4.jar:/Users/usersolvd/.m2/repository/javax/ws/rs/jsr311-api/1.1.1/jsr311-api-1.1.1.jar:/Users/usersolvd/.m2/repository/org/hamcrest/hamcrest-core/1.3/hamcrest-core-1.3.jar:/Users/usersolvd/.m2/repository/org/hamcrest/hamcrest-all/1.3/hamcrest-all-1.3.jar:/Users/usersolvd/.m2/repository/com/qaprosoft/carina-appcenter/7.3.16-SNAPSHOT/carina-appcenter-7.3.16-SNAPSHOT.jar:/Users/usersolvd/.m2/repository/org/springframework/spring-web/4.1.1.RELEASE/spring-web-4.1.1.RELEASE.jar:/Users/usersolvd/.m2/repository/org/springframework/spring-aop/4.1.1.RELEASE/spring-aop-4.1.1.RELEASE.jar:/Users/usersolvd/.m2/repository/aopalliance/aopalliance/1.0/aopalliance-1.0.jar:/Users/usersolvd/.m2/repository/org/springframework/spring-beans/4.1.1.RELEASE/spring-beans-4.1.1.RELEASE.jar:/Users/usersolvd/.m2/repository/org/springframework/spring-core/4.1.1.RELEASE/spring-core-4.1.1.RELEASE.jar:/Users/usersolvd/.m2/repository/com/google/guava/guava/29.0-jre/guava-29.0-jre.jar:/Users/usersolvd/.m2/repository/com/google/guava/failureaccess/1.0.1/failureaccess-1.0.1.jar:/Users/usersolvd/.m2/repository/com/google/guava/listenablefuture/9999.0-empty-to-avoid-conflict-with-guava/listenablefuture-9999.0-empty-to-avoid-conflict-with-guava.jar:/Users/usersolvd/.m2/repository/com/google/code/findbugs/jsr305/3.0.2/jsr305-3.0.2.jar:/Users/usersolvd/.m2/repository/com/google/errorprone/error_prone_annotations/2.3.4/error_prone_annotations-2.3.4.jar:/Users/usersolvd/.m2/repository/com/google/j2objc/j2objc-annotations/1.3/j2objc-annotations-1.3.jar:/Users/usersolvd/.m2/repository/com/qaprosoft/carina-aws-s3/7.3.16-SNAPSHOT/carina-aws-s3-7.3.16-SNAPSHOT.jar:/Users/usersolvd/.m2/repository/com/amazonaws/aws-java-sdk-core/1.11.923/aws-java-sdk-core-1.11.923.jar:/Users/usersolvd/.m2/repository/software/amazon/ion/ion-java/1.0.2/ion-java-1.0.2.jar:/Users/usersolvd/.m2/repository/com/fasterxml/jackson/dataformat/jackson-dataformat-cbor/2.6.7/jackson-dataformat-cbor-2.6.7.jar:/Users/usersolvd/.m2/repository/com/qaprosoft/carina-proxy/7.3.16-SNAPSHOT/carina-proxy-7.3.16-SNAPSHOT.jar:/Users/usersolvd/.m2/repository/net/lightbody/bmp/browsermob-core/2.1.5/browsermob-core-2.1.5.jar:/Users/usersolvd/.m2/repository/net/lightbody/bmp/littleproxy/1.1.0-beta-bmp-17/littleproxy-1.1.0-beta-bmp-17.jar:/Users/usersolvd/.m2/repository/dnsjava/dnsjava/2.1.8/dnsjava-2.1.8.jar:/Users/usersolvd/.m2/repository/org/slf4j/jcl-over-slf4j/1.7.25/jcl-over-slf4j-1.7.25.jar:/Users/usersolvd/.m2/repository/com/jcraft/jzlib/1.1.3/jzlib-1.1.3.jar:/Users/usersolvd/.m2/repository/org/bouncycastle/bcprov-jdk15on/1.58/bcprov-jdk15on-1.58.jar:/Users/usersolvd/.m2/repository/org/bouncycastle/bcpkix-jdk15on/1.58/bcpkix-jdk15on-1.58.jar:/Users/usersolvd/.m2/repository/net/lightbody/bmp/mitm/2.1.5/mitm-2.1.5.jar:/Users/usersolvd/.m2/repository/io/netty/netty-all/4.1.73.Final/netty-all-4.1.73.Final.jar:/Users/usersolvd/.m2/repository/io/netty/netty-buffer/4.1.73.Final/netty-buffer-4.1.73.Final.jar:/Users/usersolvd/.m2/repository/io/netty/netty-codec/4.1.73.Final/netty-codec-4.1.73.Final.jar:/Users/usersolvd/.m2/repository/io/netty/netty-codec-dns/4.1.73.Final/netty-codec-dns-4.1.73.Final.jar:/Users/usersolvd/.m2/repository/io/netty/netty-codec-haproxy/4.1.73.Final/netty-codec-haproxy-4.1.73.Final.jar:/Users/usersolvd/.m2/repository/io/netty/netty-codec-http/4.1.73.Final/netty-codec-http-4.1.73.Final.jar:/Users/usersolvd/.m2/repository/io/netty/netty-codec-http2/4.1.73.Final/netty-codec-http2-4.1.73.Final.jar:/Users/usersolvd/.m2/repository/io/netty/netty-codec-memcache/4.1.73.Final/netty-codec-memcache-4.1.73.Final.jar:/Users/usersolvd/.m2/repository/io/netty/netty-codec-mqtt/4.1.73.Final/netty-codec-mqtt-4.1.73.Final.jar:/Users/usersolvd/.m2/repository/io/netty/netty-codec-redis/4.1.73.Final/netty-codec-redis-4.1.73.Final.jar:/Users/usersolvd/.m2/repository/io/netty/netty-codec-smtp/4.1.73.Final/netty-codec-smtp-4.1.73.Final.jar:/Users/usersolvd/.m2/repository/io/netty/netty-codec-socks/4.1.73.Final/netty-codec-socks-4.1.73.Final.jar:/Users/usersolvd/.m2/repository/io/netty/netty-codec-stomp/4.1.73.Final/netty-codec-stomp-4.1.73.Final.jar:/Users/usersolvd/.m2/repository/io/netty/netty-codec-xml/4.1.73.Final/netty-codec-xml-4.1.73.Final.jar:/Users/usersolvd/.m2/repository/io/netty/netty-common/4.1.73.Final/netty-common-4.1.73.Final.jar:/Users/usersolvd/.m2/repository/io/netty/netty-handler/4.1.73.Final/netty-handler-4.1.73.Final.jar:/Users/usersolvd/.m2/repository/io/netty/netty-tcnative-classes/2.0.46.Final/netty-tcnative-classes-2.0.46.Final.jar:/Users/usersolvd/.m2/repository/io/netty/netty-handler-proxy/4.1.73.Final/netty-handler-proxy-4.1.73.Final.jar:/Users/usersolvd/.m2/repository/io/netty/netty-resolver/4.1.73.Final/netty-resolver-4.1.73.Final.jar:/Users/usersolvd/.m2/repository/io/netty/netty-resolver-dns/4.1.73.Final/netty-resolver-dns-4.1.73.Final.jar:/Users/usersolvd/.m2/repository/io/netty/netty-transport/4.1.73.Final/netty-transport-4.1.73.Final.jar:/Users/usersolvd/.m2/repository/io/netty/netty-transport-rxtx/4.1.73.Final/netty-transport-rxtx-4.1.73.Final.jar:/Users/usersolvd/.m2/repository/io/netty/netty-transport-sctp/4.1.73.Final/netty-transport-sctp-4.1.73.Final.jar:/Users/usersolvd/.m2/repository/io/netty/netty-transport-udt/4.1.73.Final/netty-transport-udt-4.1.73.Final.jar:/Users/usersolvd/.m2/repository/io/netty/netty-transport-classes-epoll/4.1.73.Final/netty-transport-classes-epoll-4.1.73.Final.jar:/Users/usersolvd/.m2/repository/io/netty/netty-transport-native-unix-common/4.1.73.Final/netty-transport-native-unix-common-4.1.73.Final.jar:/Users/usersolvd/.m2/repository/io/netty/netty-transport-classes-kqueue/4.1.73.Final/netty-transport-classes-kqueue-4.1.73.Final.jar:/Users/usersolvd/.m2/repository/io/netty/netty-resolver-dns-classes-macos/4.1.73.Final/netty-resolver-dns-classes-macos-4.1.73.Final.jar:/Users/usersolvd/.m2/repository/io/netty/netty-transport-native-epoll/4.1.73.Final/netty-transport-native-epoll-4.1.73.Final-linux-x86_64.jar:/Users/usersolvd/.m2/repository/io/netty/netty-transport-native-epoll/4.1.73.Final/netty-transport-native-epoll-4.1.73.Final-linux-aarch_64.jar:/Users/usersolvd/.m2/repository/io/netty/netty-transport-native-kqueue/4.1.73.Final/netty-transport-native-kqueue-4.1.73.Final-osx-x86_64.jar:/Users/usersolvd/.m2/repository/io/netty/netty-transport-native-kqueue/4.1.73.Final/netty-transport-native-kqueue-4.1.73.Final-osx-aarch_64.jar:/Users/usersolvd/.m2/repository/io/netty/netty-resolver-dns-native-macos/4.1.73.Final/netty-resolver-dns-native-macos-4.1.73.Final-osx-x86_64.jar:/Users/usersolvd/.m2/repository/io/netty/netty-resolver-dns-native-macos/4.1.73.Final/netty-resolver-dns-native-macos-4.1.73.Final-osx-aarch_64.jar:/Users/usersolvd/.m2/repository/org/apache/commons/commons-lang3/3.5/commons-lang3-3.5.jar:/Users/usersolvd/.m2/repository/commons-collections/commons-collections/3.2.2/commons-collections-3.2.2.jar:/Users/usersolvd/.m2/repository/org/seleniumhq/selenium/selenium-support/3.141.59/selenium-support-3.141.59.jar:/Users/usersolvd/.m2/repository/org/apache/commons/commons-exec/1.3/commons-exec-1.3.jar:/Users/usersolvd/.m2/repository/com/squareup/okhttp3/okhttp/3.11.0/okhttp-3.11.0.jar:/Users/usersolvd/.m2/repository/com/squareup/okio/okio/1.14.0/okio-1.14.0.jar:/Users/usersolvd/.m2/repository/com/amazonaws/aws-java-sdk-s3/1.11.923/aws-java-sdk-s3-1.11.923.jar:/Users/usersolvd/.m2/repository/org/testng/testng/7.4.0/testng-7.4.0.jar:/Users/usersolvd/.m2/repository/com/beust/jcommander/1.78/jcommander-1.78.jar:/Users/usersolvd/.m2/repository/org/webjars/jquery/3.5.1/jquery-3.5.1.jar:/Users/usersolvd/.m2/repository/com/nordstrom/tools/testng-foundation/2.0.1/testng-foundation-2.0.1.jar:/Users/usersolvd/.m2/repository/com/nordstrom/tools/java-utils/1.9.3/java-utils-1.9.3.jar:/Users/usersolvd/.m2/repository/com/nordstrom/tools/settings/2.3.3/settings-2.3.3.jar:/Users/usersolvd/.m2/repository/commons-beanutils/commons-beanutils/1.9.4/commons-beanutils-1.9.4.jar:/Users/usersolvd/.m2/repository/io/appium/java-client/7.5.1/java-client-7.5.1.jar:/Users/usersolvd/.m2/repository/org/seleniumhq/selenium/selenium-java/3.141.59/selenium-java-3.141.59.jar:/Users/usersolvd/.m2/repository/org/seleniumhq/selenium/selenium-edge-driver/3.141.59/selenium-edge-driver-3.141.59.jar:/Users/usersolvd/.m2/repository/org/seleniumhq/selenium/selenium-ie-driver/3.141.59/selenium-ie-driver-3.141.59.jar:/Users/usersolvd/.m2/repository/org/seleniumhq/selenium/selenium-opera-driver/3.141.59/selenium-opera-driver-3.141.59.jar:/Users/usersolvd/.m2/repository/org/seleniumhq/selenium/selenium-safari-driver/3.141.59/selenium-safari-driver-3.141.59.jar:/Users/usersolvd/.m2/repository/cglib/cglib/3.3.0/cglib-3.3.0.jar:/Users/usersolvd/.m2/repository/org/ow2/asm/asm/7.1/asm-7.1.jar:/Users/usersolvd/.m2/repository/commons-validator/commons-validator/1.7/commons-validator-1.7.jar:/Users/usersolvd/.m2/repository/commons-digester/commons-digester/2.1/commons-digester-2.1.jar:/Users/usersolvd/.m2/repository/org/springframework/spring-context/5.3.4/spring-context-5.3.4.jar:/Users/usersolvd/.m2/repository/org/springframework/spring-expression/5.3.4/spring-expression-5.3.4.jar:/Users/usersolvd/.m2/repository/org/aspectj/aspectjweaver/1.9.6/aspectjweaver-1.9.6.jar:/Users/usersolvd/.m2/repository/com/qaprosoft/carina-azure/7.3.16-SNAPSHOT/carina-azure-7.3.16-SNAPSHOT.jar:/Users/usersolvd/.m2/repository/com/azure/azure-storage-blob/12.7.0/azure-storage-blob-12.7.0.jar:/Users/usersolvd/.m2/repository/com/azure/azure-core/1.5.1/azure-core-1.5.1.jar:/Users/usersolvd/.m2/repository/com/fasterxml/jackson/datatype/jackson-datatype-jsr310/2.10.1/jackson-datatype-jsr310-2.10.1.jar:/Users/usersolvd/.m2/repository/com/fasterxml/jackson/dataformat/jackson-dataformat-xml/2.10.1/jackson-dataformat-xml-2.10.1.jar:/Users/usersolvd/.m2/repository/com/fasterxml/jackson/module/jackson-module-jaxb-annotations/2.10.1/jackson-module-jaxb-annotations-2.10.1.jar:/Users/usersolvd/.m2/repository/org/codehaus/woodstox/stax2-api/4.2/stax2-api-4.2.jar:/Users/usersolvd/.m2/repository/com/fasterxml/woodstox/woodstox-core/6.0.2/woodstox-core-6.0.2.jar:/Users/usersolvd/.m2/repository/io/projectreactor/reactor-core/3.3.5.RELEASE/reactor-core-3.3.5.RELEASE.jar:/Users/usersolvd/.m2/repository/org/reactivestreams/reactive-streams/1.0.3/reactive-streams-1.0.3.jar:/Users/usersolvd/.m2/repository/io/netty/netty-tcnative-boringssl-static/2.0.29.Final/netty-tcnative-boringssl-static-2.0.29.Final.jar:/Users/usersolvd/.m2/repository/com/azure/azure-storage-common/12.7.0/azure-storage-common-12.7.0.jar:/Users/usersolvd/.m2/repository/com/azure/azure-core-http-netty/1.5.2/azure-core-http-netty-1.5.2.jar:/Users/usersolvd/.m2/repository/io/projectreactor/netty/reactor-netty/0.9.7.RELEASE/reactor-netty-0.9.7.RELEASE.jar:/Users/usersolvd/.m2/repository/org/slf4j/slf4j-api/1.7.30/slf4j-api-1.7.30.jar:/Users/usersolvd/.m2/repository/org/apache/logging/log4j/log4j-api/2.17.1/log4j-api-2.17.1.jar:/Users/usersolvd/.m2/repository/org/apache/logging/log4j/log4j-core/2.17.1/log4j-core-2.17.1.jar:/Users/usersolvd/.m2/repository/net/bytebuddy/byte-buddy/1.10.18/byte-buddy-1.10.18.jar:/Users/usersolvd/.m2/repository/org/mybatis/mybatis/3.5.6/mybatis-3.5.6.jar:/Users/usersolvd/.m2/repository/org/postgresql/postgresql/42.2.25/postgresql-42.2.25.jar:/Users/usersolvd/.m2/repository/org/checkerframework/checker-qual/3.5.0/checker-qual-3.5.0.jar:"/>
    <property name="sun.cpu.endian" value="little"/>
    <property name="user.home" value="/Users/usersolvd"/>
    <property name="user.language" value="en"/>
    <property name="java.specification.vendor" value="Oracle Corporation"/>
    <property name="java.version.date" value="2022-02-08"/>
    <property name="java.home" value="/Users/usersolvd/Library/Java/JavaVirtualMachines/corretto-11.0.14.1/Contents/Home"/>
    <property name="file.separator" value="/"/>
    <property name="basedir" value="/Users/usersolvd/Desktop/igorcarinademo"/>
    <property name="java.vm.compressedOopsMode" value="Zero based"/>
    <property name="line.separator" value="&#10;"/>
    <property name="java.specification.name" value="Java Platform API Specification"/>
    <property name="java.vm.specification.vendor" value="Oracle Corporation"/>
    <property name="java.awt.graphicsenv" value="sun.awt.CGraphicsEnvironment"/>
    <property name="sun.management.compiler" value="HotSpot 64-Bit Tiered Compilers"/>
    <property name="ftp.nonProxyHosts" value="local|*.local|169.254/16|*.169.254/16"/>
    <property name="java.runtime.version" value="11.0.14.1+10-LTS"/>
    <property name="user.name" value="usersolvd"/>
    <property name="path.separator" value=":"/>
    <property name="os.version" value="12.2.1"/>
    <property name="java.runtime.name" value="OpenJDK Runtime Environment"/>
    <property name="file.encoding" value="UTF-8"/>
    <property name="java.vm.name" value="OpenJDK 64-Bit Server VM"/>
    <property name="java.vendor.version" value="Corretto-11.0.14.10.1"/>
    <property name="localRepository" value="/Users/usersolvd/.m2/repository"/>
    <property name="java.vendor.url.bug" value="https://github.com/corretto/corretto-11/issues/"/>
    <property name="java.io.tmpdir" value="/var/folders/sp/x3rqq60j54q_t45y6xh8pjn80000gp/T/"/>
    <property name="idea.version" value="2021.2.3"/>
    <property name="java.version" value="11.0.14.1"/>
    <property name="user.dir" value="/Users/usersolvd/Desktop/igorcarinademo"/>
    <property name="os.arch" value="x86_64"/>
    <property name="java.vm.specification.name" value="Java Virtual Machine Specification"/>
    <property name="java.awt.printerjob" value="sun.lwawt.macosx.CPrinterJob"/>
    <property name="sun.os.patch.level" value="unknown"/>
    <property name="java.library.path" value="/Users/usersolvd/Library/Java/Extensions:/Library/Java/Extensions:/Network/Library/Java/Extensions:/System/Library/Java/Extensions:/usr/lib/java:."/>
    <property name="java.vm.info" value="mixed mode"/>
    <property name="java.vendor" value="Amazon.com Inc."/>
    <property name="java.vm.version" value="11.0.14.1+10-LTS"/>
    <property name="sun.io.unicode.encoding" value="UnicodeBig"/>
    <property name="java.class.version" value="55.0"/>
    <property name="socksNonProxyHosts" value="local|*.local|169.254/16|*.169.254/16"/>
  </properties>
  <testcase name="helloWorld" classname="com.qaprosoft.carina.demo.HelloWorld" time="0.033"/>
</testsuite>