<?xml version="1.0" encoding="UTF-8"?>
<!-- Generated by org.testng.reporters.JUnitReportReporter -->
<testsuite hostname="Ihor" failures="0" tests="1" name="com.qaprosoft.carina.demo.HelloWorld" time="0.033" errors="0" timestamp="2022-03-13T23:17:22 EET" skipped="0">
  <testcase classname="com.qaprosoft.carina.demo.HelloWorld" name="helloWorld" time="0.033"/>
  <system-out/>
</testsuite> <!-- com.qaprosoft.carina.demo.HelloWorld -->
