<?xml version="1.0" encoding="UTF-8"?>
<!-- Generated by org.testng.reporters.JUnitReportReporter -->
<testsuite hostname="Ihor" failures="0" tests="1" name="com.qaprosoft.carina.demo.HelloWorld" time="0.030" errors="0" timestamp="2022-03-04T15:01:26 EET" skipped="0">
  <testcase classname="com.qaprosoft.carina.demo.HelloWorld" name="helloWorld" time="0.030"/>
  <system-out/>
</testsuite> <!-- com.qaprosoft.carina.demo.HelloWorld -->
